#! /c/Source/iverilog-install/bin/vvp
:ivl_version "12.0 (devel)" "(s20150603-1539-g2693dd32b)";
:ivl_delay_selection "TYPICAL";
:vpi_time_precision + 0;
:vpi_module "C:\iverilog\lib\ivl\system.vpi";
:vpi_module "C:\iverilog\lib\ivl\vhdl_sys.vpi";
:vpi_module "C:\iverilog\lib\ivl\vhdl_textio.vpi";
:vpi_module "C:\iverilog\lib\ivl\v2005_math.vpi";
:vpi_module "C:\iverilog\lib\ivl\va_math.vpi";
S_000001f521b16b50 .scope module, "DFF" "DFF" 2 3;
 .timescale 0 0;
    .port_info 0 /INPUT 1 "clk";
    .port_info 1 /INPUT 1 "D";
    .port_info 2 /OUTPUT 1 "Q";
    .port_info 3 /INPUT 1 "reset";
o000001f521a16f78 .functor BUFZ 1, C4<z>; HiZ drive
v000001f521a16ed0_0 .net "D", 0 0, o000001f521a16f78;  0 drivers
v000001f521b16ce0_0 .var "Q", 0 0;
o000001f521a16fd8 .functor BUFZ 1, C4<z>; HiZ drive
v000001f521b16d80_0 .net "clk", 0 0, o000001f521a16fd8;  0 drivers
o000001f521a17008 .functor BUFZ 1, C4<z>; HiZ drive
v000001f521b16e20_0 .net "reset", 0 0, o000001f521a17008;  0 drivers
E_000001f521a14980 .event posedge, v000001f521b16e20_0, v000001f521b16d80_0;
    .scope S_000001f521b16b50;
T_0 ;
    %wait E_000001f521a14980;
    %load/vec4 v000001f521b16e20_0;
    %flag_set/vec4 8;
    %jmp/0xz  T_0.0, 8;
    %pushi/vec4 0, 0, 1;
    %assign/vec4 v000001f521b16ce0_0, 0;
    %jmp T_0.1;
T_0.0 ;
    %load/vec4 v000001f521a16ed0_0;
    %assign/vec4 v000001f521b16ce0_0, 0;
T_0.1 ;
    %jmp T_0;
    .thread T_0;
# The file index is used to find the file name in the following table.
:file_names 3;
    "N/A";
    "<interactive>";
    "DFF.v";
